c:\users\sixtech\desktop\development\lab2\passthrough\x64\debug\vc142.pdb
c:\users\sixtech\desktop\development\lab2\passthrough\x64\debug\passthrough.obj
c:\users\sixtech\desktop\development\lab2\passthrough\x64\debug\passthrough\passthrough.cat
c:\users\sixtech\desktop\development\lab2\passthrough\x64\debug\passthrough.sys
c:\users\sixtech\desktop\development\lab2\passthrough\x64\debug\passthrough.pdb
c:\users\sixtech\desktop\development\lab2\passthrough\x64\debug\passthrough.res
c:\users\sixtech\desktop\development\lab2\passthrough\x64\debug\passthrough.inf
c:\users\sixtech\desktop\development\lab2\passthrough\x64\debug\passthrough.tlog\cl.command.1.tlog
c:\users\sixtech\desktop\development\lab2\passthrough\x64\debug\passthrough.tlog\cl.read.1.tlog
c:\users\sixtech\desktop\development\lab2\passthrough\x64\debug\passthrough.tlog\cl.write.1.tlog
c:\users\sixtech\desktop\development\lab2\passthrough\x64\debug\passthrough.tlog\inf2cat-expand.7416.read.1.tlog
c:\users\sixtech\desktop\development\lab2\passthrough\x64\debug\passthrough.tlog\inf2cat-expand.7416.write.1.tlog
c:\users\sixtech\desktop\development\lab2\passthrough\x64\debug\passthrough.tlog\inf2cat-expand.read.1.tlog
c:\users\sixtech\desktop\development\lab2\passthrough\x64\debug\passthrough.tlog\inf2cat-expand.write.1.tlog
c:\users\sixtech\desktop\development\lab2\passthrough\x64\debug\passthrough.tlog\inf2cat.command.1.tlog
c:\users\sixtech\desktop\development\lab2\passthrough\x64\debug\passthrough.tlog\inf2cat.read.1.tlog
c:\users\sixtech\desktop\development\lab2\passthrough\x64\debug\passthrough.tlog\inf2cat.write.1.tlog
c:\users\sixtech\desktop\development\lab2\passthrough\x64\debug\passthrough.tlog\link.command.1.tlog
c:\users\sixtech\desktop\development\lab2\passthrough\x64\debug\passthrough.tlog\link.read.1.tlog
c:\users\sixtech\desktop\development\lab2\passthrough\x64\debug\passthrough.tlog\link.write.1.tlog
c:\users\sixtech\desktop\development\lab2\passthrough\x64\debug\passthrough.tlog\rc.command.1.tlog
c:\users\sixtech\desktop\development\lab2\passthrough\x64\debug\passthrough.tlog\rc.read.1.tlog
c:\users\sixtech\desktop\development\lab2\passthrough\x64\debug\passthrough.tlog\rc.write.1.tlog
c:\users\sixtech\desktop\development\lab2\passthrough\x64\debug\passthrough.tlog\signtool.command.1.tlog
c:\users\sixtech\desktop\development\lab2\passthrough\x64\debug\passthrough.tlog\signtool.read.1.tlog
c:\users\sixtech\desktop\development\lab2\passthrough\x64\debug\passthrough.tlog\signtool.timestamp.1.tlog
c:\users\sixtech\desktop\development\lab2\passthrough\x64\debug\passthrough.tlog\signtool.write.1.tlog
c:\users\sixtech\desktop\development\lab2\passthrough\x64\debug\passthrough.tlog\stampinf.command.1.tlog
c:\users\sixtech\desktop\development\lab2\passthrough\x64\debug\passthrough.tlog\stampinf.read.1.tlog
c:\users\sixtech\desktop\development\lab2\passthrough\x64\debug\passthrough.tlog\stampinf.write.1.tlog
