  Building 'passThrough' with toolset 'WindowsKernelModeDriver10.0' and the 'Universal' target platform.
  Stamping x64\Debug\passThrough.inf
  Stamping [Version] section with DriverVer=05/15/2023,21.15.58.403
C:\Users\SIXTECH\Desktop\Development\Lab2\passThrough\passThrough.inf(8-8): warning 1324: [Version] section should specify PnpLockdown=1.
C:\Users\SIXTECH\Desktop\Development\Lab2\passThrough\passThrough.inf(74-74): warning 1205: Section [MiniFilter.DriverFiles] referenced from DelFiles and CopyFiles directive.
  passThrough.c
C:\Program Files (x86)\Microsoft Visual Studio\2019\Community\VC\Tools\MSVC\14.29.30133\include\vcruntime.h(61,26): warning C4083: требуется ")"; обнаружен идентификатор "_VCRUNTIME_DISABLED_WARNINGS"
C:\Program Files (x86)\Microsoft Visual Studio\2019\Community\VC\Tools\MSVC\14.29.30133\include\vcruntime.h(111,1): warning C4005: _CRT_STRINGIZE: изменение макроопределения
C:\Program Files (x86)\Windows Kits\10\Include\10.0.19041.0\km\crt\crtdefs.h(85): message : см. предыдущее определение "_CRT_STRINGIZE"
C:\Program Files (x86)\Microsoft Visual Studio\2019\Community\VC\Tools\MSVC\14.29.30133\include\vcruntime.h(114,1): warning C4005: _CRT_WIDE: изменение макроопределения
C:\Program Files (x86)\Windows Kits\10\Include\10.0.19041.0\km\crt\crtdefs.h(88): message : см. предыдущее определение "_CRT_WIDE"
C:\Program Files (x86)\Microsoft Visual Studio\2019\Community\VC\Tools\MSVC\14.29.30133\include\vcruntime.h(155,1): warning C4005: __CRTDECL: изменение макроопределения
C:\Program Files (x86)\Windows Kits\10\Include\10.0.19041.0\km\crt\crtdefs.h(640): message : см. предыдущее определение "__CRTDECL"
C:\Program Files (x86)\Microsoft Visual Studio\2019\Community\VC\Tools\MSVC\14.29.30133\include\stdint.h(16,26): warning C4083: требуется ")"; обнаружен идентификатор "_VCRUNTIME_DISABLED_WARNINGS"
C:\Users\SIXTECH\Desktop\Development\Lab2\passThrough\passThrough.c(870,34): warning C4057: функция: "PCSTR" отличается от "uint8_t [1024]" по косвенному обращению к слегка разным базовым типам
C:\Users\SIXTECH\Desktop\Development\Lab2\passThrough\passThrough.c(899,34): warning C4057: функция: "PCSTR" отличается от "uint8_t [1024]" по косвенному обращению к слегка разным базовым типам
  passThrough.vcxproj -> C:\Users\SIXTECH\Desktop\Development\Lab2\passThrough\x64\Debug\passThrough.sys
  Done Adding Additional Store
  Successfully signed: C:\Users\SIXTECH\Desktop\Development\Lab2\passThrough\x64\Debug\passThrough.sys
  
  Driver is 'Universal'.
  ..........................
  Signability test complete.
  
  Errors:
  None
  
  Warnings:
  None
  
  Catalog generation complete.
  C:\Users\SIXTECH\Desktop\Development\Lab2\passThrough\x64\Debug\passThrough\passthrough.cat
  Done Adding Additional Store
  Successfully signed: x64\Debug\passThrough\passthrough.cat
  
